#
# A fatal error has been detected by the Java Runtime Environment:
#
#  SIGFPE (0x8) at pc=0x0000000119ee9548, pid=39653, tid=8963
#
# JRE version: OpenJDK Runtime Environment AdoptOpenJDK (11.0.10+9) (build 11.0.10+9)
# Java VM: OpenJDK 64-Bit Server VM AdoptOpenJDK (11.0.10+9, mixed mode, tiered, compressed oops, g1 gc, bsd-amd64)
# Problematic frame:
# j  com.mongodb.starter.practice.MeanTracker.<init>()V+16
#
# No core dump will be written. Core dumps have been disabled. To enable core dumping, try "ulimit -c unlimited" before starting Java again
#
# If you would like to submit a bug report, please visit:
#   https://github.com/AdoptOpenJDK/openjdk-support/issues
#

---------------  S U M M A R Y ------------

Command Line: -Dfile.encoding=UTF-8 com.mongodb.starter.practice.MeanTracker

Host: MacBookAir10,1 x86_64 2400 MHz, 8 cores, 8G, Darwin 20.3.0
Time: Fri Jul 23 12:09:37 2021 PDT elapsed time: 0.187763 seconds (0d 0h 0m 0s)

---------------  T H R E A D  ---------------

Current thread (0x00007f982180e000):  JavaThread "main" [_thread_in_Java, id=8963, stack(0x0000000309e06000,0x0000000309f06000)]

Stack: [0x0000000309e06000,0x0000000309f06000],  sp=0x0000000309f05a18,  free space=1022k
Native frames: (J=compiled Java code, A=aot compiled Java code, j=interpreted, Vv=VM code, C=native code)
j  com.mongodb.starter.practice.MeanTracker.<init>()V+16
j  com.mongodb.starter.practice.MeanTracker.main([Ljava/lang/String;)V+4
v  ~StubRoutines::call_stub
V  [libjvm.dylib+0x3b0b2c]  JavaCalls::call_helper(JavaValue*, methodHandle const&, JavaCallArguments*, Thread*)+0x21a
V  [libjvm.dylib+0x3f5982]  jni_invoke_static(JNIEnv_*, JavaValue*, _jobject*, JNICallType, _jmethodID*, JNI_ArgumentPusher*, Thread*)+0x10a
V  [libjvm.dylib+0x3f9172]  jni_CallStaticVoidMethod+0x1d2
C  [libjli.dylib+0x4b29]  JavaMain+0xab0
C  [libsystem_pthread.dylib+0x6950]  _pthread_start+0xe0
C  [libsystem_pthread.dylib+0x247b]  thread_start+0xf


siginfo: si_signo: 8 (SIGFPE), si_code: 5 (FPE_FLTINV), si_addr: 0x0000000119ee9548

Register to memory mapping:

RAX=0x0 is NULL
RBX=0x000000000000006c is an unknown value
RCX=0x0 is NULL
RDX=0x0 is NULL
RSP=0x0000000309f05a18 is pointing into the stack for thread: 0x00007f982180e000
RBP=0x0000000309f05a68 is pointing into the stack for thread: 0x00007f982180e000
RSI=0x0 is NULL
RDI=0x00007f982180e000 is a thread
R8 =0x0000000000000002 is an unknown value
R9 =0x0 is NULL
R10=0x000000010ba0a420: _ZN19TemplateInterpreter13_active_tableE+0x4800 in /Library/Java/JavaVirtualMachines/adoptopenjdk-11.jdk/Contents/Home/lib/server/libjvm.dylib at 0x000000010b033000
R11=0x000000012fed5000 is pointing into metadata
R12=0x0 is NULL
R13=0x000000012fed5354 is pointing into metadata
R14=0x0000000309f05a78 is pointing into the stack for thread: 0x00007f982180e000
R15=0x00007f982180e000 is a thread


Registers:
RAX=0x0000000000000000, RBX=0x000000000000006c, RCX=0x0000000000000000, RDX=0x0000000000000000
RSP=0x0000000309f05a18, RBP=0x0000000309f05a68, RSI=0x0000000000000000, RDI=0x00007f982180e000
R8 =0x0000000000000002, R9 =0x0000000000000000, R10=0x000000010ba0a420, R11=0x000000012fed5000
R12=0x0000000000000000, R13=0x000000012fed5354, R14=0x0000000309f05a78, R15=0x00007f982180e000
RIP=0x0000000119ee9548, EFLAGS=0x0000000000000a87, ERR=0x0000000000000000
  TRAPNO=0x0000000000000000

Top of Stack: (sp=0x0000000309f05a18)
0x0000000309f05a18:   0000000787e27338 0000000309f05a20
0x0000000309f05a28:   000000012fed5348 0000000309f05a78
0x0000000309f05a38:   000000012fed5640 0000000000000000
0x0000000309f05a48:   0000000787e26b88 000000012fed5378
0x0000000309f05a58:   0000000000000000 0000000309f05a78
0x0000000309f05a68:   0000000309f05ad0 0000000119edef67
0x0000000309f05a78:   0000000787e27338 0000000787e27338
0x0000000309f05a88:   0000000309f05a88 000000012fed5584
0x0000000309f05a98:   0000000309f05af8 000000012fed5640
0x0000000309f05aa8:   0000000000000000 0000000787e26b88
0x0000000309f05ab8:   000000012fed55e8 0000000309f05a78
0x0000000309f05ac8:   0000000309f05af8 0000000309f05b60
0x0000000309f05ad8:   0000000119ed5bc7 0000000000000000
0x0000000309f05ae8:   0000000000000000 0000000000000000
0x0000000309f05af8:   0000000787e27328 0000000300001fa0
0x0000000309f05b08:   0000000309f05ce0 0000000309f05e98
0x0000000309f05b18:   000000012fed55e8 00007f982180e000
0x0000000309f05b28:   0000000000000001 0000000309f05bc0
0x0000000309f05b38:   0000000309f05ea0 000000030000000a
0x0000000309f05b48:   000000012fed55e8 0000000119ee3180
0x0000000309f05b58:   0000000309f05ce8 0000000309f05c50
0x0000000309f05b68:   000000010b3e3b2c 0000000000000001
0x0000000309f05b78:   00007f982180e000 0000000000000000
0x0000000309f05b88:   00007f982180e000 00007f982141c630
0x0000000309f05b98:   00007f982141c9c0 00007f982141c9d0
0x0000000309f05ba8:   00007f982141caa8 00000000000000d8
0x0000000309f05bb8:   00007f982141c4d0 00007f982180e000
0x0000000309f05bc8:   00007f982141da30 000000012fed55e8
0x0000000309f05bd8:   0000000000000000 0000000000000000
0x0000000309f05be8:   0000000000000000 0000000000000000
0x0000000309f05bf8:   0000000309f05e98 0000000119ed5b3f
0x0000000309f05c08:   0000000119ee3180 0000000a09f05c30 

Instructions: (pc=0x0000000119ee9548)
0x0000000119ee9448:   b0 4e 82 0b 01 00 00 00 6a 00 00 00 00 00 00 00
0x0000000119ee9458:   00 00 00 00 00 00 00 00 f3 0f 10 04 24 48 83 c4
0x0000000119ee9468:   08 f3 0f 59 04 24 48 83 c4 08 41 0f b6 5d 01 49
0x0000000119ee9478:   ff c5 49 ba 20 8c a0 0b 01 00 00 00 41 ff 24 da
0x0000000119ee9488:   00 00 00 00 00 00 00 00 00 00 00 00 00 00 00 00
0x0000000119ee9498:   00 00 00 00 00 00 00 00 60 00 00 00 00 00 00 00
0x0000000119ee94a8:   b5 4e 82 0b 01 00 00 00 6b 00 00 00 00 00 00 00
0x0000000119ee94b8:   00 00 00 00 00 00 00 00 f2 0f 10 04 24 48 83 c4
0x0000000119ee94c8:   10 f2 0f 59 04 24 48 83 c4 10 41 0f b6 5d 01 49
0x0000000119ee94d8:   ff c5 49 ba 20 94 a0 0b 01 00 00 00 41 ff 24 da
0x0000000119ee94e8:   00 00 00 00 00 00 00 00 00 00 00 00 00 00 00 00
0x0000000119ee94f8:   00 00 00 00 00 00 00 00 60 00 00 00 00 00 00 00
0x0000000119ee9508:   ba 4e 82 0b 01 00 00 00 6c 00 00 00 00 00 00 00
0x0000000119ee9518:   00 00 00 00 00 00 00 00 8b 04 24 48 83 c4 08 8b
0x0000000119ee9528:   c8 8b 04 24 48 83 c4 08 81 f8 00 00 00 80 0f 85
0x0000000119ee9538:   0b 00 00 00 33 d2 83 f9 ff 0f 84 03 00 00 00 99
0x0000000119ee9548:   f7 f9 41 0f b6 5d 01 49 ff c5 49 ba 20 7c a0 0b
0x0000000119ee9558:   01 00 00 00 41 ff 24 da 80 00 00 00 00 00 00 00
0x0000000119ee9568:   bf 4e 82 0b 01 00 00 00 6d 00 00 00 00 00 00 00
0x0000000119ee9578:   00 00 00 00 00 00 00 00 48 8b 04 24 48 83 c4 10
0x0000000119ee9588:   48 8b c8 48 8b 04 24 48 83 c4 10 48 85 c9 0f 84
0x0000000119ee9598:   d3 98 ff ff 48 3b 05 8d 85 9b f1 0f 85 0c 00 00
0x0000000119ee95a8:   00 33 d2 48 83 f9 ff 0f 84 05 00 00 00 48 99 48
0x0000000119ee95b8:   f7 f9 41 0f b6 5d 01 49 ff c5 49 ba 20 84 a0 0b
0x0000000119ee95c8:   01 00 00 00 41 ff 24 da 00 00 00 00 00 00 00 00
0x0000000119ee95d8:   00 00 00 00 00 00 00 00 60 00 00 00 00 00 00 00
0x0000000119ee95e8:   c4 4e 82 0b 01 00 00 00 6e 00 00 00 00 00 00 00
0x0000000119ee95f8:   00 00 00 00 00 00 00 00 f3 0f 10 04 24 48 83 c4
0x0000000119ee9608:   08 0f 28 c8 f3 0f 10 04 24 48 83 c4 08 f3 0f 5e
0x0000000119ee9618:   c1 41 0f b6 5d 01 49 ff c5 49 ba 20 8c a0 0b 01
0x0000000119ee9628:   00 00 00 41 ff 24 da 90 00 00 00 00 00 00 00 00
0x0000000119ee9638:   00 00 00 00 00 00 00 00 60 00 00 00 00 00 00 00 


Stack slot to memory mapping:
stack at sp + 0 slots: 0x0000000787e27338 is an oop: com.mongodb.starter.practice.MeanTracker 
{0x0000000787e27338} - klass: 'com/mongodb/starter/practice/MeanTracker'
stack at sp + 1 slots: 0x0000000309f05a20 is pointing into the stack for thread: 0x00007f982180e000
stack at sp + 2 slots: 0x000000012fed5348 is pointing into metadata
stack at sp + 3 slots: 0x0000000309f05a78 is pointing into the stack for thread: 0x00007f982180e000
stack at sp + 4 slots: 0x000000012fed5640 is pointing into metadata
stack at sp + 5 slots: 0x0 is NULL
stack at sp + 6 slots: 0x0000000787e26b88 is an oop: java.lang.Class 
{0x0000000787e26b88} - klass: 'java/lang/Class'
stack at sp + 7 slots: {method} {0x000000012fed5378} '<init>' '()V' in 'com/mongodb/starter/practice/MeanTracker'

idiv  108 idiv  [0x0000000119ee9520, 0x0000000119ee9560]  64 bytes

---------------  P R O C E S S  ---------------

Threads class SMR info:
_java_thread_list=0x00007f9821448260, length=9, elements={
0x00007f982180e000, 0x00007f98220a2800, 0x00007f98220a7800, 0x00007f9821882800,
0x00007f98220a4000, 0x00007f982187a000, 0x00007f98220a9000, 0x00007f982280f000,
0x00007f9821852800
}

Java Threads: ( => current thread )
=>0x00007f982180e000 JavaThread "main" [_thread_in_Java, id=8963, stack(0x0000000309e06000,0x0000000309f06000)]
  0x00007f98220a2800 JavaThread "Reference Handler" daemon [_thread_blocked, id=16899, stack(0x000000030a51b000,0x000000030a61b000)]
  0x00007f98220a7800 JavaThread "Finalizer" daemon [_thread_blocked, id=17411, stack(0x000000030a61e000,0x000000030a71e000)]
  0x00007f9821882800 JavaThread "Signal Dispatcher" daemon [_thread_blocked, id=23047, stack(0x000000030a8b7000,0x000000030a9b7000)]
  0x00007f98220a4000 JavaThread "Service Thread" daemon [_thread_blocked, id=25859, stack(0x000000030a9ba000,0x000000030aaba000)]
  0x00007f982187a000 JavaThread "C2 CompilerThread0" daemon [_thread_blocked, id=40963, stack(0x000000030aabd000,0x000000030abbd000)]
  0x00007f98220a9000 JavaThread "C1 CompilerThread0" daemon [_thread_blocked, id=40195, stack(0x000000030abc0000,0x000000030acc0000)]
  0x00007f982280f000 JavaThread "Sweeper thread" daemon [_thread_blocked, id=26371, stack(0x000000030acc3000,0x000000030adc3000)]
  0x00007f9821852800 JavaThread "Common-Cleaner" daemon [_thread_blocked, id=28675, stack(0x000000030aec9000,0x000000030afc9000)]

Other Threads:
  0x00007f9821872000 VMThread "VM Thread" [stack: 0x000000030a418000,0x000000030a518000] [id=18435]
  0x00007f98220a4800 WatcherThread [stack: 0x000000030adc6000,0x000000030aec6000] [id=28207]
  0x00007f982181d000 GCTaskThread "GC Thread#0" [stack: 0x0000000309f09000,0x000000030a009000] [id=13571]
  0x00007f982184b800 ConcurrentGCThread "G1 Main Marker" [stack: 0x000000030a00c000,0x000000030a10c000] [id=13827]
  0x00007f982184c800 ConcurrentGCThread "G1 Conc#0" [stack: 0x000000030a10f000,0x000000030a20f000] [id=14339]
  0x00007f982184d000 ConcurrentGCThread "G1 Refine#0" [stack: 0x000000030a212000,0x000000030a312000] [id=14851]
  0x00007f982206b800 ConcurrentGCThread "G1 Young RemSet Sampling" [stack: 0x000000030a315000,0x000000030a415000] [id=15363]

Threads with active compile tasks:

VM state:not at safepoint (normal execution)

VM Mutex/Monitor currently owned by a thread: None

Heap address: 0x0000000780000000, size: 2048 MB, Compressed Oops mode: Zero based, Oop shift amount: 3
Narrow klass base: 0x0000000800000000, Narrow klass shift: 0
Compressed class space size: 1073741824 Address: 0x0000000800000000

Heap:
 garbage-first heap   total 131072K, used 1024K [0x0000000780000000, 0x0000000800000000)
  region size 1024K, 2 young (2048K), 0 survivors (0K)
 Metaspace       used 3456K, capacity 4486K, committed 4864K, reserved 1056768K
  class space    used 305K, capacity 386K, committed 512K, reserved 1048576K
Heap Regions: E=young(eden), S=young(survivor), O=old, HS=humongous(starts), HC=humongous(continues), CS=collection set, F=free, A=archive, TAMS=top-at-mark-start (previous, next)
|   0|0x0000000780000000, 0x0000000780000000, 0x0000000780100000|  0%| F|  |TAMS 0x0000000780000000, 0x0000000780000000| Untracked 
|   1|0x0000000780100000, 0x0000000780100000, 0x0000000780200000|  0%| F|  |TAMS 0x0000000780100000, 0x0000000780100000| Untracked 
|   2|0x0000000780200000, 0x0000000780200000, 0x0000000780300000|  0%| F|  |TAMS 0x0000000780200000, 0x0000000780200000| Untracked 
|   3|0x0000000780300000, 0x0000000780300000, 0x0000000780400000|  0%| F|  |TAMS 0x0000000780300000, 0x0000000780300000| Untracked 
|   4|0x0000000780400000, 0x0000000780400000, 0x0000000780500000|  0%| F|  |TAMS 0x0000000780400000, 0x0000000780400000| Untracked 
|   5|0x0000000780500000, 0x0000000780500000, 0x0000000780600000|  0%| F|  |TAMS 0x0000000780500000, 0x0000000780500000| Untracked 
|   6|0x0000000780600000, 0x0000000780600000, 0x0000000780700000|  0%| F|  |TAMS 0x0000000780600000, 0x0000000780600000| Untracked 
|   7|0x0000000780700000, 0x0000000780700000, 0x0000000780800000|  0%| F|  |TAMS 0x0000000780700000, 0x0000000780700000| Untracked 
|   8|0x0000000780800000, 0x0000000780800000, 0x0000000780900000|  0%| F|  |TAMS 0x0000000780800000, 0x0000000780800000| Untracked 
|   9|0x0000000780900000, 0x0000000780900000, 0x0000000780a00000|  0%| F|  |TAMS 0x0000000780900000, 0x0000000780900000| Untracked 
|  10|0x0000000780a00000, 0x0000000780a00000, 0x0000000780b00000|  0%| F|  |TAMS 0x0000000780a00000, 0x0000000780a00000| Untracked 
|  11|0x0000000780b00000, 0x0000000780b00000, 0x0000000780c00000|  0%| F|  |TAMS 0x0000000780b00000, 0x0000000780b00000| Untracked 
|  12|0x0000000780c00000, 0x0000000780c00000, 0x0000000780d00000|  0%| F|  |TAMS 0x0000000780c00000, 0x0000000780c00000| Untracked 
|  13|0x0000000780d00000, 0x0000000780d00000, 0x0000000780e00000|  0%| F|  |TAMS 0x0000000780d00000, 0x0000000780d00000| Untracked 
|  14|0x0000000780e00000, 0x0000000780e00000, 0x0000000780f00000|  0%| F|  |TAMS 0x0000000780e00000, 0x0000000780e00000| Untracked 
|  15|0x0000000780f00000, 0x0000000780f00000, 0x0000000781000000|  0%| F|  |TAMS 0x0000000780f00000, 0x0000000780f00000| Untracked 
|  16|0x0000000781000000, 0x0000000781000000, 0x0000000781100000|  0%| F|  |TAMS 0x0000000781000000, 0x0000000781000000| Untracked 
|  17|0x0000000781100000, 0x0000000781100000, 0x0000000781200000|  0%| F|  |TAMS 0x0000000781100000, 0x0000000781100000| Untracked 
|  18|0x0000000781200000, 0x0000000781200000, 0x0000000781300000|  0%| F|  |TAMS 0x0000000781200000, 0x0000000781200000| Untracked 
|  19|0x0000000781300000, 0x0000000781300000, 0x0000000781400000|  0%| F|  |TAMS 0x0000000781300000, 0x0000000781300000| Untracked 
|  20|0x0000000781400000, 0x0000000781400000, 0x0000000781500000|  0%| F|  |TAMS 0x0000000781400000, 0x0000000781400000| Untracked 
|  21|0x0000000781500000, 0x0000000781500000, 0x0000000781600000|  0%| F|  |TAMS 0x0000000781500000, 0x0000000781500000| Untracked 
|  22|0x0000000781600000, 0x0000000781600000, 0x0000000781700000|  0%| F|  |TAMS 0x0000000781600000, 0x0000000781600000| Untracked 
|  23|0x0000000781700000, 0x0000000781700000, 0x0000000781800000|  0%| F|  |TAMS 0x0000000781700000, 0x0000000781700000| Untracked 
|  24|0x0000000781800000, 0x0000000781800000, 0x0000000781900000|  0%| F|  |TAMS 0x0000000781800000, 0x0000000781800000| Untracked 
|  25|0x0000000781900000, 0x0000000781900000, 0x0000000781a00000|  0%| F|  |TAMS 0x0000000781900000, 0x0000000781900000| Untracked 
|  26|0x0000000781a00000, 0x0000000781a00000, 0x0000000781b00000|  0%| F|  |TAMS 0x0000000781a00000, 0x0000000781a00000| Untracked 
|  27|0x0000000781b00000, 0x0000000781b00000, 0x0000000781c00000|  0%| F|  |TAMS 0x0000000781b00000, 0x0000000781b00000| Untracked 
|  28|0x0000000781c00000, 0x0000000781c00000, 0x0000000781d00000|  0%| F|  |TAMS 0x0000000781c00000, 0x0000000781c00000| Untracked 
|  29|0x0000000781d00000, 0x0000000781d00000, 0x0000000781e00000|  0%| F|  |TAMS 0x0000000781d00000, 0x0000000781d00000| Untracked 
|  30|0x0000000781e00000, 0x0000000781e00000, 0x0000000781f00000|  0%| F|  |TAMS 0x0000000781e00000, 0x0000000781e00000| Untracked 
|  31|0x0000000781f00000, 0x0000000781f00000, 0x0000000782000000|  0%| F|  |TAMS 0x0000000781f00000, 0x0000000781f00000| Untracked 
|  32|0x0000000782000000, 0x0000000782000000, 0x0000000782100000|  0%| F|  |TAMS 0x0000000782000000, 0x0000000782000000| Untracked 
|  33|0x0000000782100000, 0x0000000782100000, 0x0000000782200000|  0%| F|  |TAMS 0x0000000782100000, 0x0000000782100000| Untracked 
|  34|0x0000000782200000, 0x0000000782200000, 0x0000000782300000|  0%| F|  |TAMS 0x0000000782200000, 0x0000000782200000| Untracked 
|  35|0x0000000782300000, 0x0000000782300000, 0x0000000782400000|  0%| F|  |TAMS 0x0000000782300000, 0x0000000782300000| Untracked 
|  36|0x0000000782400000, 0x0000000782400000, 0x0000000782500000|  0%| F|  |TAMS 0x0000000782400000, 0x0000000782400000| Untracked 
|  37|0x0000000782500000, 0x0000000782500000, 0x0000000782600000|  0%| F|  |TAMS 0x0000000782500000, 0x0000000782500000| Untracked 
|  38|0x0000000782600000, 0x0000000782600000, 0x0000000782700000|  0%| F|  |TAMS 0x0000000782600000, 0x0000000782600000| Untracked 
|  39|0x0000000782700000, 0x0000000782700000, 0x0000000782800000|  0%| F|  |TAMS 0x0000000782700000, 0x0000000782700000| Untracked 
|  40|0x0000000782800000, 0x0000000782800000, 0x0000000782900000|  0%| F|  |TAMS 0x0000000782800000, 0x0000000782800000| Untracked 
|  41|0x0000000782900000, 0x0000000782900000, 0x0000000782a00000|  0%| F|  |TAMS 0x0000000782900000, 0x0000000782900000| Untracked 
|  42|0x0000000782a00000, 0x0000000782a00000, 0x0000000782b00000|  0%| F|  |TAMS 0x0000000782a00000, 0x0000000782a00000| Untracked 
|  43|0x0000000782b00000, 0x0000000782b00000, 0x0000000782c00000|  0%| F|  |TAMS 0x0000000782b00000, 0x0000000782b00000| Untracked 
|  44|0x0000000782c00000, 0x0000000782c00000, 0x0000000782d00000|  0%| F|  |TAMS 0x0000000782c00000, 0x0000000782c00000| Untracked 
|  45|0x0000000782d00000, 0x0000000782d00000, 0x0000000782e00000|  0%| F|  |TAMS 0x0000000782d00000, 0x0000000782d00000| Untracked 
|  46|0x0000000782e00000, 0x0000000782e00000, 0x0000000782f00000|  0%| F|  |TAMS 0x0000000782e00000, 0x0000000782e00000| Untracked 
|  47|0x0000000782f00000, 0x0000000782f00000, 0x0000000783000000|  0%| F|  |TAMS 0x0000000782f00000, 0x0000000782f00000| Untracked 
|  48|0x0000000783000000, 0x0000000783000000, 0x0000000783100000|  0%| F|  |TAMS 0x0000000783000000, 0x0000000783000000| Untracked 
|  49|0x0000000783100000, 0x0000000783100000, 0x0000000783200000|  0%| F|  |TAMS 0x0000000783100000, 0x0000000783100000| Untracked 
|  50|0x0000000783200000, 0x0000000783200000, 0x0000000783300000|  0%| F|  |TAMS 0x0000000783200000, 0x0000000783200000| Untracked 
|  51|0x0000000783300000, 0x0000000783300000, 0x0000000783400000|  0%| F|  |TAMS 0x0000000783300000, 0x0000000783300000| Untracked 
|  52|0x0000000783400000, 0x0000000783400000, 0x0000000783500000|  0%| F|  |TAMS 0x0000000783400000, 0x0000000783400000| Untracked 
|  53|0x0000000783500000, 0x0000000783500000, 0x0000000783600000|  0%| F|  |TAMS 0x0000000783500000, 0x0000000783500000| Untracked 
|  54|0x0000000783600000, 0x0000000783600000, 0x0000000783700000|  0%| F|  |TAMS 0x0000000783600000, 0x0000000783600000| Untracked 
|  55|0x0000000783700000, 0x0000000783700000, 0x0000000783800000|  0%| F|  |TAMS 0x0000000783700000, 0x0000000783700000| Untracked 
|  56|0x0000000783800000, 0x0000000783800000, 0x0000000783900000|  0%| F|  |TAMS 0x0000000783800000, 0x0000000783800000| Untracked 
|  57|0x0000000783900000, 0x0000000783900000, 0x0000000783a00000|  0%| F|  |TAMS 0x0000000783900000, 0x0000000783900000| Untracked 
|  58|0x0000000783a00000, 0x0000000783a00000, 0x0000000783b00000|  0%| F|  |TAMS 0x0000000783a00000, 0x0000000783a00000| Untracked 
|  59|0x0000000783b00000, 0x0000000783b00000, 0x0000000783c00000|  0%| F|  |TAMS 0x0000000783b00000, 0x0000000783b00000| Untracked 
|  60|0x0000000783c00000, 0x0000000783c00000, 0x0000000783d00000|  0%| F|  |TAMS 0x0000000783c00000, 0x0000000783c00000| Untracked 
|  61|0x0000000783d00000, 0x0000000783d00000, 0x0000000783e00000|  0%| F|  |TAMS 0x0000000783d00000, 0x0000000783d00000| Untracked 
|  62|0x0000000783e00000, 0x0000000783e00000, 0x0000000783f00000|  0%| F|  |TAMS 0x0000000783e00000, 0x0000000783e00000| Untracked 
|  63|0x0000000783f00000, 0x0000000783f00000, 0x0000000784000000|  0%| F|  |TAMS 0x0000000783f00000, 0x0000000783f00000| Untracked 
|  64|0x0000000784000000, 0x0000000784000000, 0x0000000784100000|  0%| F|  |TAMS 0x0000000784000000, 0x0000000784000000| Untracked 
|  65|0x0000000784100000, 0x0000000784100000, 0x0000000784200000|  0%| F|  |TAMS 0x0000000784100000, 0x0000000784100000| Untracked 
|  66|0x0000000784200000, 0x0000000784200000, 0x0000000784300000|  0%| F|  |TAMS 0x0000000784200000, 0x0000000784200000| Untracked 
|  67|0x0000000784300000, 0x0000000784300000, 0x0000000784400000|  0%| F|  |TAMS 0x0000000784300000, 0x0000000784300000| Untracked 
|  68|0x0000000784400000, 0x0000000784400000, 0x0000000784500000|  0%| F|  |TAMS 0x0000000784400000, 0x0000000784400000| Untracked 
|  69|0x0000000784500000, 0x0000000784500000, 0x0000000784600000|  0%| F|  |TAMS 0x0000000784500000, 0x0000000784500000| Untracked 
|  70|0x0000000784600000, 0x0000000784600000, 0x0000000784700000|  0%| F|  |TAMS 0x0000000784600000, 0x0000000784600000| Untracked 
|  71|0x0000000784700000, 0x0000000784700000, 0x0000000784800000|  0%| F|  |TAMS 0x0000000784700000, 0x0000000784700000| Untracked 
|  72|0x0000000784800000, 0x0000000784800000, 0x0000000784900000|  0%| F|  |TAMS 0x0000000784800000, 0x0000000784800000| Untracked 
|  73|0x0000000784900000, 0x0000000784900000, 0x0000000784a00000|  0%| F|  |TAMS 0x0000000784900000, 0x0000000784900000| Untracked 
|  74|0x0000000784a00000, 0x0000000784a00000, 0x0000000784b00000|  0%| F|  |TAMS 0x0000000784a00000, 0x0000000784a00000| Untracked 
|  75|0x0000000784b00000, 0x0000000784b00000, 0x0000000784c00000|  0%| F|  |TAMS 0x0000000784b00000, 0x0000000784b00000| Untracked 
|  76|0x0000000784c00000, 0x0000000784c00000, 0x0000000784d00000|  0%| F|  |TAMS 0x0000000784c00000, 0x0000000784c00000| Untracked 
|  77|0x0000000784d00000, 0x0000000784d00000, 0x0000000784e00000|  0%| F|  |TAMS 0x0000000784d00000, 0x0000000784d00000| Untracked 
|  78|0x0000000784e00000, 0x0000000784e00000, 0x0000000784f00000|  0%| F|  |TAMS 0x0000000784e00000, 0x0000000784e00000| Untracked 
|  79|0x0000000784f00000, 0x0000000784f00000, 0x0000000785000000|  0%| F|  |TAMS 0x0000000784f00000, 0x0000000784f00000| Untracked 
|  80|0x0000000785000000, 0x0000000785000000, 0x0000000785100000|  0%| F|  |TAMS 0x0000000785000000, 0x0000000785000000| Untracked 
|  81|0x0000000785100000, 0x0000000785100000, 0x0000000785200000|  0%| F|  |TAMS 0x0000000785100000, 0x0000000785100000| Untracked 
|  82|0x0000000785200000, 0x0000000785200000, 0x0000000785300000|  0%| F|  |TAMS 0x0000000785200000, 0x0000000785200000| Untracked 
|  83|0x0000000785300000, 0x0000000785300000, 0x0000000785400000|  0%| F|  |TAMS 0x0000000785300000, 0x0000000785300000| Untracked 
|  84|0x0000000785400000, 0x0000000785400000, 0x0000000785500000|  0%| F|  |TAMS 0x0000000785400000, 0x0000000785400000| Untracked 
|  85|0x0000000785500000, 0x0000000785500000, 0x0000000785600000|  0%| F|  |TAMS 0x0000000785500000, 0x0000000785500000| Untracked 
|  86|0x0000000785600000, 0x0000000785600000, 0x0000000785700000|  0%| F|  |TAMS 0x0000000785600000, 0x0000000785600000| Untracked 
|  87|0x0000000785700000, 0x0000000785700000, 0x0000000785800000|  0%| F|  |TAMS 0x0000000785700000, 0x0000000785700000| Untracked 
|  88|0x0000000785800000, 0x0000000785800000, 0x0000000785900000|  0%| F|  |TAMS 0x0000000785800000, 0x0000000785800000| Untracked 
|  89|0x0000000785900000, 0x0000000785900000, 0x0000000785a00000|  0%| F|  |TAMS 0x0000000785900000, 0x0000000785900000| Untracked 
|  90|0x0000000785a00000, 0x0000000785a00000, 0x0000000785b00000|  0%| F|  |TAMS 0x0000000785a00000, 0x0000000785a00000| Untracked 
|  91|0x0000000785b00000, 0x0000000785b00000, 0x0000000785c00000|  0%| F|  |TAMS 0x0000000785b00000, 0x0000000785b00000| Untracked 
|  92|0x0000000785c00000, 0x0000000785c00000, 0x0000000785d00000|  0%| F|  |TAMS 0x0000000785c00000, 0x0000000785c00000| Untracked 
|  93|0x0000000785d00000, 0x0000000785d00000, 0x0000000785e00000|  0%| F|  |TAMS 0x0000000785d00000, 0x0000000785d00000| Untracked 
|  94|0x0000000785e00000, 0x0000000785e00000, 0x0000000785f00000|  0%| F|  |TAMS 0x0000000785e00000, 0x0000000785e00000| Untracked 
|  95|0x0000000785f00000, 0x0000000785f00000, 0x0000000786000000|  0%| F|  |TAMS 0x0000000785f00000, 0x0000000785f00000| Untracked 
|  96|0x0000000786000000, 0x0000000786000000, 0x0000000786100000|  0%| F|  |TAMS 0x0000000786000000, 0x0000000786000000| Untracked 
|  97|0x0000000786100000, 0x0000000786100000, 0x0000000786200000|  0%| F|  |TAMS 0x0000000786100000, 0x0000000786100000| Untracked 
|  98|0x0000000786200000, 0x0000000786200000, 0x0000000786300000|  0%| F|  |TAMS 0x0000000786200000, 0x0000000786200000| Untracked 
|  99|0x0000000786300000, 0x0000000786300000, 0x0000000786400000|  0%| F|  |TAMS 0x0000000786300000, 0x0000000786300000| Untracked 
| 100|0x0000000786400000, 0x0000000786400000, 0x0000000786500000|  0%| F|  |TAMS 0x0000000786400000, 0x0000000786400000| Untracked 
| 101|0x0000000786500000, 0x0000000786500000, 0x0000000786600000|  0%| F|  |TAMS 0x0000000786500000, 0x0000000786500000| Untracked 
| 102|0x0000000786600000, 0x0000000786600000, 0x0000000786700000|  0%| F|  |TAMS 0x0000000786600000, 0x0000000786600000| Untracked 
| 103|0x0000000786700000, 0x0000000786700000, 0x0000000786800000|  0%| F|  |TAMS 0x0000000786700000, 0x0000000786700000| Untracked 
| 104|0x0000000786800000, 0x0000000786800000, 0x0000000786900000|  0%| F|  |TAMS 0x0000000786800000, 0x0000000786800000| Untracked 
| 105|0x0000000786900000, 0x0000000786900000, 0x0000000786a00000|  0%| F|  |TAMS 0x0000000786900000, 0x0000000786900000| Untracked 
| 106|0x0000000786a00000, 0x0000000786a00000, 0x0000000786b00000|  0%| F|  |TAMS 0x0000000786a00000, 0x0000000786a00000| Untracked 
| 107|0x0000000786b00000, 0x0000000786b00000, 0x0000000786c00000|  0%| F|  |TAMS 0x0000000786b00000, 0x0000000786b00000| Untracked 
| 108|0x0000000786c00000, 0x0000000786c00000, 0x0000000786d00000|  0%| F|  |TAMS 0x0000000786c00000, 0x0000000786c00000| Untracked 
| 109|0x0000000786d00000, 0x0000000786d00000, 0x0000000786e00000|  0%| F|  |TAMS 0x0000000786d00000, 0x0000000786d00000| Untracked 
| 110|0x0000000786e00000, 0x0000000786e00000, 0x0000000786f00000|  0%| F|  |TAMS 0x0000000786e00000, 0x0000000786e00000| Untracked 
| 111|0x0000000786f00000, 0x0000000786f00000, 0x0000000787000000|  0%| F|  |TAMS 0x0000000786f00000, 0x0000000786f00000| Untracked 
| 112|0x0000000787000000, 0x0000000787000000, 0x0000000787100000|  0%| F|  |TAMS 0x0000000787000000, 0x0000000787000000| Untracked 
| 113|0x0000000787100000, 0x0000000787100000, 0x0000000787200000|  0%| F|  |TAMS 0x0000000787100000, 0x0000000787100000| Untracked 
| 114|0x0000000787200000, 0x0000000787200000, 0x0000000787300000|  0%| F|  |TAMS 0x0000000787200000, 0x0000000787200000| Untracked 
| 115|0x0000000787300000, 0x0000000787300000, 0x0000000787400000|  0%| F|  |TAMS 0x0000000787300000, 0x0000000787300000| Untracked 
| 116|0x0000000787400000, 0x0000000787400000, 0x0000000787500000|  0%| F|  |TAMS 0x0000000787400000, 0x0000000787400000| Untracked 
| 117|0x0000000787500000, 0x0000000787500000, 0x0000000787600000|  0%| F|  |TAMS 0x0000000787500000, 0x0000000787500000| Untracked 
| 118|0x0000000787600000, 0x0000000787600000, 0x0000000787700000|  0%| F|  |TAMS 0x0000000787600000, 0x0000000787600000| Untracked 
| 119|0x0000000787700000, 0x0000000787700000, 0x0000000787800000|  0%| F|  |TAMS 0x0000000787700000, 0x0000000787700000| Untracked 
| 120|0x0000000787800000, 0x0000000787800000, 0x0000000787900000|  0%| F|  |TAMS 0x0000000787800000, 0x0000000787800000| Untracked 
| 121|0x0000000787900000, 0x0000000787900000, 0x0000000787a00000|  0%| F|  |TAMS 0x0000000787900000, 0x0000000787900000| Untracked 
| 122|0x0000000787a00000, 0x0000000787a00000, 0x0000000787b00000|  0%| F|  |TAMS 0x0000000787a00000, 0x0000000787a00000| Untracked 
| 123|0x0000000787b00000, 0x0000000787b00000, 0x0000000787c00000|  0%| F|  |TAMS 0x0000000787b00000, 0x0000000787b00000| Untracked 
| 124|0x0000000787c00000, 0x0000000787c00000, 0x0000000787d00000|  0%| F|  |TAMS 0x0000000787c00000, 0x0000000787c00000| Untracked 
| 125|0x0000000787d00000, 0x0000000787d00000, 0x0000000787e00000|  0%| F|  |TAMS 0x0000000787d00000, 0x0000000787d00000| Untracked 
| 126|0x0000000787e00000, 0x0000000787e7b660, 0x0000000787f00000| 48%| E|  |TAMS 0x0000000787e00000, 0x0000000787e00000| Complete 
| 127|0x0000000787f00000, 0x0000000788000000, 0x0000000788000000|100%| E|CS|TAMS 0x0000000787f00000, 0x0000000787f00000| Complete 

Card table byte_map: [0x00000001292d5000,0x00000001296d5000] _byte_map_base: 0x00000001256d5000

Marking Bits (Prev, Next): (CMBitMap*) 0x00007f9821842e18, (CMBitMap*) 0x00007f9821842e50
 Prev Bits: [0x0000000129ad5000, 0x000000012bad5000)
 Next Bits: [0x000000012bad5000, 0x000000012dad5000)

Polling page: 0x0000000102d22000

Metaspace:

Usage:
  Non-class:      4.00 MB capacity,     3.08 MB ( 77%) used,   948.98 KB ( 23%) free+waste,   128 bytes ( <1%) overhead. 
      Class:    386.00 KB capacity,   305.81 KB ( 79%) used,    80.06 KB ( 21%) free+waste,   128 bytes ( <1%) overhead. 
       Both:      4.38 MB capacity,     3.38 MB ( 77%) used,     1.00 MB ( 23%) free+waste,   256 bytes ( <1%) overhead. 

Virtual space:
  Non-class space:        8.00 MB reserved,       4.25 MB ( 53%) committed 
      Class space:        1.00 GB reserved,     512.00 KB ( <1%) committed 
             Both:        1.01 GB reserved,       4.75 MB ( <1%) committed 

Chunk freelists:
   Non-Class:  0 bytes
       Class:  0 bytes
        Both:  0 bytes

MaxMetaspaceSize: unlimited
CompressedClassSpaceSize: 1.00 GB

CodeHeap 'non-profiled nmethods': size=120032Kb used=21Kb max_used=21Kb free=120010Kb
 bounds [0x000000012199d000, 0x0000000121c0d000, 0x0000000128ed5000]
CodeHeap 'profiled nmethods': size=120028Kb used=130Kb max_used=130Kb free=119897Kb
 bounds [0x000000011a466000, 0x000000011a6d6000, 0x000000012199d000]
CodeHeap 'non-nmethods': size=5700Kb used=972Kb max_used=981Kb free=4727Kb
 bounds [0x0000000119ed5000, 0x000000011a145000, 0x000000011a466000]
 total_blobs=332 nmethods=100 adapters=146
 compilation: enabled
              stopped_count=0, restarted_count=0
 full_count=0

Compilation events (20 events):
Event: 0.174 Thread 0x00007f98220a9000 nmethod 89 0x00000001219a0d10 code [0x00000001219a0ec0, 0x00000001219a0f70]
Event: 0.175 Thread 0x00007f98220a9000   91       3       java.util.HashMap::resize (356 bytes)
Event: 0.175 Thread 0x00007f98220a9000 nmethod 91 0x000000011a482d90 code [0x000000011a483060, 0x000000011a4845a0]
Event: 0.175 Thread 0x00007f98220a9000   96       3       java.util.HashMap::putIfAbsent (13 bytes)
Event: 0.175 Thread 0x00007f98220a9000 nmethod 96 0x000000011a484a10 code [0x000000011a484be0, 0x000000011a484ed0]
Event: 0.175 Thread 0x00007f98220a9000   92       3       jdk.internal.module.ModuleBootstrap$2::hasNext (30 bytes)
Event: 0.175 Thread 0x00007f98220a9000 nmethod 92 0x000000011a485010 code [0x000000011a4851e0, 0x000000011a485510]
Event: 0.175 Thread 0x00007f98220a9000   93       3       jdk.internal.module.ModuleBootstrap$2::next (52 bytes)
Event: 0.175 Thread 0x00007f98220a9000 nmethod 93 0x000000011a485610 code [0x000000011a485820, 0x000000011a485d60]
Event: 0.175 Thread 0x00007f98220a9000   94       1       java.lang.Module::getDescriptor (5 bytes)
Event: 0.176 Thread 0x00007f98220a9000 nmethod 94 0x00000001219a1410 code [0x00000001219a15c0, 0x00000001219a1670]
Event: 0.176 Thread 0x00007f982187a000 nmethod 88 0x00000001219a1710 code [0x00000001219a18a0, 0x00000001219a1a58]
Event: 0.177 Thread 0x00007f982187a000   90       4       java.util.ImmutableCollections$SetN$SetNIterator::hasNext (13 bytes)
Event: 0.177 Thread 0x00007f982187a000 nmethod 90 0x00000001219a1b90 code [0x00000001219a1d20, 0x00000001219a1d98]
Event: 0.177 Thread 0x00007f982187a000   95       4       java.util.HashMap::afterNodeInsertion (1 bytes)
Event: 0.177 Thread 0x00007f982187a000 nmethod 95 0x00000001219a1e10 code [0x00000001219a1fa0, 0x00000001219a1ff8]
Event: 0.181 Thread 0x00007f98220a9000   98       3       java.lang.String::hashCode (49 bytes)
Event: 0.181 Thread 0x00007f98220a9000 nmethod 98 0x000000011a485f10 code [0x000000011a4860e0, 0x000000011a4863d0]
Event: 0.182 Thread 0x00007f98220a9000  100       3       java.lang.CharacterDataLatin1::getProperties (11 bytes)
Event: 0.182 Thread 0x00007f98220a9000 nmethod 100 0x000000011a486510 code [0x000000011a4866c0, 0x000000011a4867f0]

GC Heap History (0 events):
No events

Deoptimization events (4 events):
Event: 0.180 Thread 0x00007f982180e000 Uncommon trap: trap_request=0xffffff4d fr.pc=0x00000001219a1a1c relative=0x000000000000017c
Event: 0.180 Thread 0x00007f982180e000 Uncommon trap: reason=unstable_if action=reinterpret pc=0x00000001219a1a1c method=java.lang.String.hashCode()I @ 14 c2
Event: 0.180 Thread 0x00007f982180e000 DEOPT PACKING pc=0x00000001219a1a1c sp=0x0000000309f044d0
Event: 0.180 Thread 0x00007f982180e000 DEOPT UNPACKING pc=0x0000000119efaf9f sp=0x0000000309f04488 mode 2

Classes redefined (0 events):
No events

Internal exceptions (0 events):
No events

Events (20 events):
Event: 0.185 loading class java/security/BasicPermission done
Event: 0.185 loading class java/lang/RuntimePermission done
Event: 0.185 loading class java/security/Permissions$1
Event: 0.185 loading class java/security/Permissions$1 done
Event: 0.185 loading class java/security/BasicPermissionCollection
Event: 0.185 loading class java/security/BasicPermissionCollection done
Event: 0.186 loading class java/security/AllPermission
Event: 0.186 loading class java/security/AllPermission done
Event: 0.186 loading class java/security/UnresolvedPermission
Event: 0.186 loading class java/security/UnresolvedPermission done
Event: 0.186 loading class java/security/SecureClassLoader$DebugHolder
Event: 0.186 loading class java/security/SecureClassLoader$DebugHolder done
Event: 0.186 loading class sun/security/util/Debug
Event: 0.186 loading class sun/security/util/Debug done
Event: 0.187 loading class java/lang/PublicMethods$MethodList
Event: 0.187 loading class java/lang/PublicMethods$MethodList done
Event: 0.187 loading class java/lang/PublicMethods$Key
Event: 0.187 loading class java/lang/PublicMethods$Key done
Event: 0.187 loading class java/lang/Void
Event: 0.187 loading class java/lang/Void done


Dynamic libraries:
0x00007ffdffdd6000 	/Library/Apple/usr/libexec/oah/runtime
0x00007fff352cb000 	/System/Library/Frameworks/Cocoa.framework/Versions/A/Cocoa
0x00007fff22170000 	/System/Library/Frameworks/Security.framework/Versions/A/Security
0x00007fff334c8000 	/System/Library/Frameworks/ApplicationServices.framework/Versions/A/ApplicationServices
0x00007fff2a619000 	/usr/lib/libz.1.dylib
0x000000010afc6000 	/Library/Java/JavaVirtualMachines/adoptopenjdk-11.jdk/Contents/Home/lib/jli/libjli.dylib
0x00007fff2a6e5000 	/usr/lib/libSystem.B.dylib
0x00007fff22b97000 	/System/Library/Frameworks/AppKit.framework/Versions/C/AppKit
0x00007fff25a55000 	/System/Library/Frameworks/CoreData.framework/Versions/A/CoreData
0x00007fff210e3000 	/System/Library/Frameworks/Foundation.framework/Versions/C/Foundation
0x00007fff238fa000 	/System/Library/PrivateFrameworks/UIFoundation.framework/Versions/A/UIFoundation
0x00007fff2fea7000 	/System/Library/PrivateFrameworks/RemoteViewServices.framework/Versions/A/RemoteViewServices
0x00007fff28c31000 	/System/Library/PrivateFrameworks/XCTTargetBootstrap.framework/Versions/A/XCTTargetBootstrap
0x00007fff2b983000 	/usr/lib/libspindump.dylib
0x00007fff23b4f000 	/System/Library/Frameworks/UniformTypeIdentifiers.framework/Versions/A/UniformTypeIdentifiers
0x00007fff27407000 	/usr/lib/libapp_launch_measurement.dylib
0x00007fff2740a000 	/System/Library/PrivateFrameworks/CoreAutoLayout.framework/Versions/A/CoreAutoLayout
0x00007fff28593000 	/System/Library/Frameworks/Metal.framework/Versions/A/Metal
0x00007fff2928a000 	/usr/lib/liblangid.dylib
0x00007fff28c35000 	/System/Library/PrivateFrameworks/CoreSVG.framework/Versions/A/CoreSVG
0x00007fff24b36000 	/System/Library/PrivateFrameworks/SkyLight.framework/Versions/A/SkyLight
0x00007fff24e9d000 	/System/Library/Frameworks/CoreGraphics.framework/Versions/A/CoreGraphics
0x00007fff304fe000 	/System/Library/Frameworks/Accelerate.framework/Versions/A/Accelerate
0x00007fff2b3be000 	/System/Library/PrivateFrameworks/IconServices.framework/Versions/A/IconServices
0x00007fff28578000 	/System/Library/Frameworks/IOSurface.framework/Versions/A/IOSurface
0x00007fff263e7000 	/usr/lib/libDiagnosticMessagesClient.dylib
0x00007fff28c1d000 	/System/Library/PrivateFrameworks/DFRFoundation.framework/Versions/A/DFRFoundation
0x00007fff224c2000 	/usr/lib/libicucore.A.dylib
0x00007fff2cec8000 	/System/Library/Frameworks/AudioToolbox.framework/Versions/A/AudioToolbox
0x00007fff2c16d000 	/System/Library/PrivateFrameworks/DataDetectorsCore.framework/Versions/A/DataDetectorsCore
0x00007fff2891d000 	/System/Library/Frameworks/Carbon.framework/Versions/A/Frameworks/HIToolbox.framework/Versions/A/HIToolbox
0x00007fff26e62000 	/System/Library/Frameworks/QuartzCore.framework/Versions/A/QuartzCore
0x00007fff2fee3000 	/System/Library/Frameworks/Carbon.framework/Versions/A/Frameworks/SpeechRecognition.framework/Versions/A/SpeechRecognition
0x00007fff2716f000 	/System/Library/PrivateFrameworks/CoreUI.framework/Versions/A/CoreUI
0x00007fff21acb000 	/System/Library/Frameworks/CoreAudio.framework/Versions/A/CoreAudio
0x00007fff264d2000 	/System/Library/Frameworks/DiskArbitration.framework/Versions/A/DiskArbitration
0x00007fff2bd7d000 	/System/Library/PrivateFrameworks/MultitouchSupport.framework/Versions/A/MultitouchSupport
0x00007fff2c164000 	/System/Library/PrivateFrameworks/InternationalSupport.framework/Versions/A/InternationalSupport
0x00007fff24aaa000 	/usr/lib/libenergytrace.dylib
0x00007fff22a90000 	/System/Library/Frameworks/IOKit.framework/Versions/A/IOKit
0x00007fff30230000 	/System/Library/Frameworks/CoreServices.framework/Versions/A/CoreServices
0x00007fff2739d000 	/System/Library/PrivateFrameworks/PerformanceAnalysis.framework/Versions/A/PerformanceAnalysis
0x00007fff6cba5000 	/System/Library/Frameworks/OpenGL.framework/Versions/A/OpenGL
0x00007fff2c1e9000 	/System/Library/PrivateFrameworks/UserActivity.framework/Versions/A/UserActivity
0x00007fff20220000 	/usr/lib/libobjc.A.dylib
0x00007fff25557000 	/System/Library/Frameworks/ColorSync.framework/Versions/A/ColorSync
0x00007fff20401000 	/System/Library/Frameworks/CoreFoundation.framework/Versions/A/CoreFoundation
0x00007fff28ea1000 	/System/Library/Frameworks/CoreImage.framework/Versions/A/CoreImage
0x00007fff218e2000 	/System/Library/Frameworks/CoreText.framework/Versions/A/CoreText
0x00007fff28c5f000 	/System/Library/Frameworks/ImageIO.framework/Versions/A/ImageIO
0x00007fff2a6eb000 	/System/Library/PrivateFrameworks/SoftLinking.framework/Versions/A/SoftLinking
0x00007fff27453000 	/usr/lib/libxml2.2.dylib
0x00007fff202e6000 	/usr/lib/libc++.1.dylib
0x00007fff2a95d000 	/usr/lib/libcompression.dylib
0x00007fff24aab000 	/usr/lib/libMobileGestalt.dylib
0x00007fff2c097000 	/System/Library/PrivateFrameworks/TextureIO.framework/Versions/A/TextureIO
0x00007fff2b04b000 	/usr/lib/libate.dylib
0x00007fff2a6df000 	/usr/lib/system/libcache.dylib
0x00007fff2a69b000 	/usr/lib/system/libcommonCrypto.dylib
0x00007fff2a6c5000 	/usr/lib/system/libcompiler_rt.dylib
0x00007fff2a6ba000 	/usr/lib/system/libcopyfile.dylib
0x00007fff2010e000 	/usr/lib/system/libcorecrypto.dylib
0x00007fff201db000 	/usr/lib/system/libdispatch.dylib
0x00007fff20390000 	/usr/lib/system/libdyld.dylib
0x00007fff2a6d6000 	/usr/lib/system/libkeymgr.dylib
0x00007fff2dc7a000 	/usr/lib/system/liblaunch.dylib
0x00007fff2a679000 	/usr/lib/system/libmacho.dylib
0x00007fff29e8e000 	/usr/lib/system/libquarantine.dylib
0x00007fff2a6d3000 	/usr/lib/system/libremovefile.dylib
0x00007fff24b07000 	/usr/lib/system/libsystem_asl.dylib
0x00007fff200be000 	/usr/lib/system/libsystem_blocks.dylib
0x00007fff2025d000 	/usr/lib/system/libsystem_c.dylib
0x00007fff2a6cd000 	/usr/lib/system/libsystem_collections.dylib
0x00007fff2927b000 	/usr/lib/system/libsystem_configuration.dylib
0x00007fff28567000 	/usr/lib/system/libsystem_containermanager.dylib
0x00007fff2a411000 	/usr/lib/system/libsystem_coreservices.dylib
0x00007fff22724000 	/usr/lib/system/libsystem_darwin.dylib
0x00007fff2a6d7000 	/usr/lib/system/libsystem_dnssd.dylib
0x00007fff2025a000 	/usr/lib/system/libsystem_featureflags.dylib
0x00007fff203d5000 	/usr/lib/system/libsystem_info.dylib
0x00007fff2a62c000 	/usr/lib/system/libsystem_m.dylib
0x00007fff201ae000 	/usr/lib/system/libsystem_malloc.dylib
0x00007fff24a9b000 	/usr/lib/system/libsystem_networkextension.dylib
0x00007fff22b3f000 	/usr/lib/system/libsystem_notify.dylib
0x00007fff3012e000 	/usr/lib/system/libsystem_product_info_filter.dylib
0x00007fff2927f000 	/usr/lib/system/libsystem_sandbox.dylib
0x00007fff2a6d0000 	/usr/lib/system/libsystem_secinit.dylib
0x00007fff20355000 	/usr/lib/system/libsystem_kernel.dylib
0x00007fff203cb000 	/usr/lib/system/libsystem_platform.dylib
0x00007fff20384000 	/usr/lib/system/libsystem_pthread.dylib
0x00007fff26235000 	/usr/lib/system/libsystem_symptoms.dylib
0x00007fff200f6000 	/usr/lib/system/libsystem_trace.dylib
0x00007fff2a6a7000 	/usr/lib/system/libunwind.dylib
0x00007fff200c0000 	/usr/lib/system/libxpc.dylib
0x00007fff2033c000 	/usr/lib/libc++abi.dylib
0x00007fff2a6b2000 	/usr/lib/liboah.dylib
0x00007fff2ad76000 	/usr/lib/liblzma.5.dylib
0x00007fff20df7000 	/System/Library/Frameworks/SystemConfiguration.framework/Versions/A/SystemConfiguration
0x00007fff2a6e7000 	/usr/lib/libfakelink.dylib
0x00007fff245fd000 	/System/Library/Frameworks/CFNetwork.framework/Versions/A/CFNetwork
0x00007fff2a827000 	/usr/lib/libarchive.2.dylib
0x00007fff20e75000 	/usr/lib/libCRFSuite.dylib
0x00007fff29eb5000 	/usr/lib/libbsm.0.dylib
0x00007fff23fb9000 	/usr/lib/libnetwork.dylib
0x00007fff2a6ec000 	/usr/lib/libpcap.A.dylib
0x00007fff2622e000 	/usr/lib/libdns_services.dylib
0x00007fff2ad8f000 	/usr/lib/libcoretls_cfhelpers.dylib
0x00007fff2a92b000 	/usr/lib/libapple_nghttp2.dylib
0x00007fff2a67f000 	/usr/lib/system/libkxld.dylib
0x00007fff25e9c000 	/usr/lib/libsqlite3.dylib
0x00007fff2a3f3000 	/System/Library/PrivateFrameworks/AppleFSCompression.framework/Versions/A/AppleFSCompression
0x00007fff29e9d000 	/usr/lib/libcoretls.dylib
0x00007fff2a958000 	/usr/lib/libpam.2.dylib
0x00007fff2ae8c000 	/usr/lib/libxar.1.dylib
0x00007fff29286000 	/System/Library/PrivateFrameworks/AppleSystemInfo.framework/Versions/A/AppleSystemInfo
0x00007fff29ae0000 	/System/Library/PrivateFrameworks/IOMobileFramebuffer.framework/Versions/A/IOMobileFramebuffer
0x00007fff2a403000 	/usr/lib/libbz2.1.0.dylib
0x00007fff2a724000 	/usr/lib/libiconv.2.dylib
0x00007fff2a678000 	/usr/lib/libcharset.1.dylib
0x00007fff273d9000 	/System/Library/Frameworks/CoreServices.framework/Versions/A/Frameworks/FSEvents.framework/Versions/A/FSEvents
0x00007fff2272e000 	/System/Library/Frameworks/CoreServices.framework/Versions/A/Frameworks/CarbonCore.framework/Versions/A/CarbonCore
0x00007fff26437000 	/System/Library/Frameworks/CoreServices.framework/Versions/A/Frameworks/Metadata.framework/Versions/A/Metadata
0x00007fff2a416000 	/System/Library/Frameworks/CoreServices.framework/Versions/A/Frameworks/OSServices.framework/Versions/A/OSServices
0x00007fff2a899000 	/System/Library/Frameworks/CoreServices.framework/Versions/A/Frameworks/SearchKit.framework/Versions/A/SearchKit
0x00007fff261b8000 	/System/Library/Frameworks/CoreServices.framework/Versions/A/Frameworks/AE.framework/Versions/A/AE
0x00007fff2089d000 	/System/Library/Frameworks/CoreServices.framework/Versions/A/Frameworks/LaunchServices.framework/Versions/A/LaunchServices
0x00007fff2ad27000 	/System/Library/Frameworks/CoreServices.framework/Versions/A/Frameworks/DictionaryServices.framework/Versions/A/DictionaryServices
0x00007fff273e2000 	/System/Library/Frameworks/CoreServices.framework/Versions/A/Frameworks/SharedFileList.framework/Versions/A/SharedFileList
0x00007fff29e91000 	/usr/lib/libCheckFix.dylib
0x00007fff24b1e000 	/System/Library/PrivateFrameworks/TCC.framework/Versions/A/TCC
0x00007fff2928c000 	/System/Library/PrivateFrameworks/CoreNLP.framework/Versions/A/CoreNLP
0x00007fff263ea000 	/System/Library/PrivateFrameworks/MetadataUtilities.framework/Versions/A/MetadataUtilities
0x00007fff20eab000 	/usr/lib/libmecabra.dylib
0x00007fff2a1a5000 	/System/Library/Frameworks/MLCompute.framework/Versions/A/MLCompute
0x00007fff29ec6000 	/usr/lib/libmecab.dylib
0x00007fff29f10000 	/usr/lib/libgermantok.dylib
0x00007fff2a901000 	/usr/lib/libThaiTokenizer.dylib
0x00007fff2aec7000 	/usr/lib/libChineseTokenizer.dylib
0x00007fff2a956000 	/System/Library/Frameworks/MetalPerformanceShaders.framework/Versions/A/MetalPerformanceShaders
0x00007fff264d9000 	/System/Library/Frameworks/Accelerate.framework/Versions/A/Frameworks/vImage.framework/Versions/A/vImage
0x00007fff30209000 	/System/Library/Frameworks/Accelerate.framework/Versions/A/Frameworks/vecLib.framework/Versions/A/vecLib
0x00007fff2aed2000 	/System/Library/Frameworks/Accelerate.framework/Versions/A/Frameworks/vecLib.framework/Versions/A/libvMisc.dylib
0x00007fff2993c000 	/System/Library/Frameworks/Accelerate.framework/Versions/A/Frameworks/vecLib.framework/Versions/A/libvDSP.dylib
0x00007fff20ba1000 	/System/Library/Frameworks/Accelerate.framework/Versions/A/Frameworks/vecLib.framework/Versions/A/libBLAS.dylib
0x00007fff2a97c000 	/System/Library/Frameworks/Accelerate.framework/Versions/A/Frameworks/vecLib.framework/Versions/A/libLAPACK.dylib
0x00007fff29f16000 	/System/Library/Frameworks/Accelerate.framework/Versions/A/Frameworks/vecLib.framework/Versions/A/libLinearAlgebra.dylib
0x00007fff2a943000 	/System/Library/Frameworks/Accelerate.framework/Versions/A/Frameworks/vecLib.framework/Versions/A/libSparseBLAS.dylib
0x00007fff2a976000 	/System/Library/Frameworks/Accelerate.framework/Versions/A/Frameworks/vecLib.framework/Versions/A/libQuadrature.dylib
0x00007fff29334000 	/System/Library/Frameworks/Accelerate.framework/Versions/A/Frameworks/vecLib.framework/Versions/A/libBNNS.dylib
0x00007fff20d88000 	/System/Library/Frameworks/Accelerate.framework/Versions/A/Frameworks/vecLib.framework/Versions/A/libSparse.dylib
0x00007fff2921f000 	/System/Library/Frameworks/MetalPerformanceShaders.framework/Versions/A/Frameworks/MPSCore.framework/Versions/A/MPSCore
0x00007fff2a362000 	/System/Library/Frameworks/MetalPerformanceShaders.framework/Versions/A/Frameworks/MPSImage.framework/Versions/A/MPSImage
0x00007fff29f2d000 	/System/Library/Frameworks/MetalPerformanceShaders.framework/Versions/A/Frameworks/MPSNeuralNetwork.framework/Versions/A/MPSNeuralNetwork
0x00007fff2a2ed000 	/System/Library/Frameworks/MetalPerformanceShaders.framework/Versions/A/Frameworks/MPSMatrix.framework/Versions/A/MPSMatrix
0x00007fff2a155000 	/System/Library/Frameworks/MetalPerformanceShaders.framework/Versions/A/Frameworks/MPSRayIntersector.framework/Versions/A/MPSRayIntersector
0x00007fff2a324000 	/System/Library/Frameworks/MetalPerformanceShaders.framework/Versions/A/Frameworks/MPSNDArray.framework/Versions/A/MPSNDArray
0x00007fff20acd000 	/System/Library/PrivateFrameworks/MetalTools.framework/Versions/A/MetalTools
0x00007fff29284000 	/System/Library/PrivateFrameworks/AggregateDictionary.framework/Versions/A/AggregateDictionary
0x00007fff263c2000 	/System/Library/PrivateFrameworks/CoreAnalytics.framework/Versions/A/CoreAnalytics
0x00007fff2a903000 	/System/Library/PrivateFrameworks/AppleSauce.framework/Versions/A/AppleSauce
0x00007fff2858a000 	/System/Library/PrivateFrameworks/IOAccelerator.framework/Versions/A/IOAccelerator
0x00007fff6cb99000 	/System/Library/Frameworks/OpenGL.framework/Versions/A/Libraries/libCoreFSCache.dylib
0x00007fff21447000 	/System/Library/PrivateFrameworks/LanguageModeling.framework/Versions/A/LanguageModeling
0x00007fff29acd000 	/System/Library/PrivateFrameworks/CoreEmoji.framework/Versions/A/CoreEmoji
0x00007fff2932d000 	/System/Library/PrivateFrameworks/LinguisticData.framework/Versions/A/LinguisticData
0x00007fff20d3a000 	/System/Library/PrivateFrameworks/Lexicon.framework/Versions/A/Lexicon
0x00007fff2a815000 	/usr/lib/libcmph.dylib
0x00007fff273b9000 	/System/Library/Frameworks/OpenDirectory.framework/Versions/A/Frameworks/CFOpenDirectory.framework/Versions/A/CFOpenDirectory
0x00007fff273a9000 	/System/Library/Frameworks/OpenDirectory.framework/Versions/A/OpenDirectory
0x00007fff2ad91000 	/System/Library/PrivateFrameworks/APFS.framework/Versions/A/APFS
0x00007fff29df2000 	/System/Library/Frameworks/SecurityFoundation.framework/Versions/A/SecurityFoundation
0x00007fff2ae9a000 	/usr/lib/libutil.dylib
0x00007fff22a55000 	/System/Library/PrivateFrameworks/CoreServicesStore.framework/Versions/A/CoreServicesStore
0x00007fff29e89000 	/System/Library/Frameworks/ServiceManagement.framework/Versions/A/ServiceManagement
0x00007fff2ae9e000 	/usr/lib/libxslt.1.dylib
0x00007fff29e7f000 	/System/Library/PrivateFrameworks/BackgroundTaskManagement.framework/Versions/A/BackgroundTaskManagement
0x00007fff2bfe2000 	/System/Library/Frameworks/ImageIO.framework/Versions/A/Resources/libRadiance.dylib
0x00007fff2bfeb000 	/System/Library/Frameworks/ImageIO.framework/Versions/A/Resources/libJPEG.dylib
0x00007fff2bf37000 	/System/Library/Frameworks/ImageIO.framework/Versions/A/Resources/libPng.dylib
0x00007fff2bf5e000 	/System/Library/Frameworks/ImageIO.framework/Versions/A/Resources/libTIFF.dylib
0x00007fff2c040000 	/System/Library/Frameworks/ImageIO.framework/Versions/A/Resources/libGIF.dylib
0x00007fff2bc9b000 	/System/Library/Frameworks/ImageIO.framework/Versions/A/Resources/libJP2.dylib
0x00007fff2b385000 	/usr/lib/libexpat.1.dylib
0x00007fff2bc50000 	/System/Library/PrivateFrameworks/AppleJPEG.framework/Versions/A/AppleJPEG
0x00007fff287c0000 	/System/Library/PrivateFrameworks/FontServices.framework/libFontParser.dylib
0x00007fff2616c000 	/System/Library/PrivateFrameworks/RunningBoardServices.framework/Versions/A/RunningBoardServices
0x00007fff2bd79000 	/System/Library/PrivateFrameworks/WatchdogClient.framework/Versions/A/WatchdogClient
0x00007fff21534000 	/System/Library/Frameworks/CoreDisplay.framework/Versions/A/CoreDisplay
0x00007fff286d6000 	/System/Library/Frameworks/CoreMedia.framework/Versions/A/CoreMedia
0x00007fff27536000 	/System/Library/Frameworks/CoreVideo.framework/Versions/A/CoreVideo
0x00007fff2bdb1000 	/System/Library/Frameworks/VideoToolbox.framework/Versions/A/VideoToolbox
0x00007fff260ea000 	/System/Library/PrivateFrameworks/BaseBoard.framework/Versions/A/BaseBoard
0x00007fff2b4ca000 	/System/Library/PrivateFrameworks/PersistentConnection.framework/Versions/A/PersistentConnection
0x00007fff25e85000 	/System/Library/PrivateFrameworks/ProtocolBuffer.framework/Versions/A/ProtocolBuffer
0x00007fff260d1000 	/System/Library/PrivateFrameworks/CommonUtilities.framework/Versions/A/CommonUtilities
0x00007fff2bbe5000 	/System/Library/PrivateFrameworks/Bom.framework/Versions/A/Bom
0x00007fff2bfdb000 	/System/Library/PrivateFrameworks/GPUWrangler.framework/Versions/A/GPUWrangler
0x00007fff2bfbe000 	/System/Library/PrivateFrameworks/IOPresentment.framework/Versions/A/IOPresentment
0x00007fff2bfe5000 	/System/Library/PrivateFrameworks/DSExternalDisplay.framework/Versions/A/DSExternalDisplay
0x00007fff2c045000 	/System/Library/PrivateFrameworks/CMCaptureCore.framework/Versions/A/CMCaptureCore
0x00007fff2b96a000 	/System/Library/PrivateFrameworks/AppServerSupport.framework/Versions/A/AppServerSupport
0x00007fff2da19000 	/System/Library/PrivateFrameworks/perfdata.framework/Versions/A/perfdata
0x00007fff29de1000 	/System/Library/PrivateFrameworks/AssertionServices.framework/Versions/A/AssertionServices
0x00007fff2166b000 	/System/Library/PrivateFrameworks/AudioToolboxCore.framework/Versions/A/AudioToolboxCore
0x00007fff286b9000 	/System/Library/PrivateFrameworks/caulk.framework/Versions/A/caulk
0x00007fff3d6c4000 	/System/Library/PrivateFrameworks/SystemPolicy.framework/Versions/A/SystemPolicy
0x00007fff2b17a000 	/usr/lib/libIOReport.dylib
0x00007fff2d23b000 	/usr/lib/libSMC.dylib
0x00007fff2bf04000 	/usr/lib/libAudioToolboxUtility.dylib
0x00007fff3e02e000 	/usr/lib/libmis.dylib
0x00007fff6cbf5000 	/System/Library/Frameworks/OpenGL.framework/Versions/A/Libraries/libGLU.dylib
0x00007fff6cbb8000 	/System/Library/Frameworks/OpenGL.framework/Versions/A/Libraries/libGFXShared.dylib
0x00007fff6cdc7000 	/System/Library/Frameworks/OpenGL.framework/Versions/A/Libraries/libGL.dylib
0x00007fff6cbc1000 	/System/Library/Frameworks/OpenGL.framework/Versions/A/Libraries/libGLImage.dylib
0x00007fff6cbb5000 	/System/Library/Frameworks/OpenGL.framework/Versions/A/Libraries/libCVMSPluginSupport.dylib
0x00007fff6cba0000 	/System/Library/Frameworks/OpenGL.framework/Versions/A/Libraries/libCoreVMClient.dylib
0x00007fff6e208000 	/System/Library/Frameworks/OpenCL.framework/Versions/A/OpenCL
0x00007fff2b4f4000 	/System/Library/PrivateFrameworks/GraphVisualizer.framework/Versions/A/GraphVisualizer
0x00007fff2b503000 	/System/Library/PrivateFrameworks/FaceCore.framework/Versions/A/FaceCore
0x00007fff2b91f000 	/System/Library/PrivateFrameworks/OTSVG.framework/Versions/A/OTSVG
0x00007fff2712d000 	/System/Library/Frameworks/ApplicationServices.framework/Versions/A/Frameworks/ATS.framework/Versions/A/Resources/libFontRegistry.dylib
0x00007fff2b971000 	/System/Library/PrivateFrameworks/FontServices.framework/libhvf.dylib
0x00007fff2b331000 	/System/Library/PrivateFrameworks/AppleVA.framework/Versions/A/AppleVA
0x00007fff2d084000 	/System/Library/Frameworks/ApplicationServices.framework/Versions/A/Frameworks/ATS.framework/Versions/A/ATS
0x00007fff2d396000 	/System/Library/Frameworks/ApplicationServices.framework/Versions/A/Frameworks/ColorSyncLegacy.framework/Versions/A/ColorSyncLegacy
0x00007fff2564e000 	/System/Library/Frameworks/ApplicationServices.framework/Versions/A/Frameworks/HIServices.framework/Versions/A/HIServices
0x00007fff2d37b000 	/System/Library/Frameworks/ApplicationServices.framework/Versions/A/Frameworks/LangAnalysis.framework/Versions/A/LangAnalysis
0x00007fff2c04f000 	/System/Library/Frameworks/ApplicationServices.framework/Versions/A/Frameworks/PrintCore.framework/Versions/A/PrintCore
0x00007fff2d39e000 	/System/Library/Frameworks/ApplicationServices.framework/Versions/A/Frameworks/QD.framework/Versions/A/QD
0x00007fff2d074000 	/System/Library/Frameworks/ApplicationServices.framework/Versions/A/Frameworks/SpeechSynthesis.framework/Versions/A/SpeechSynthesis
0x00007fff2c010000 	/System/Library/Frameworks/ApplicationServices.framework/Versions/A/Frameworks/ATSUI.framework/Versions/A/ATSUI
0x00007fff2d31b000 	/usr/lib/libcups.2.dylib
0x00007fff2d38b000 	/System/Library/PrivateFrameworks/NetAuth.framework/Versions/A/NetAuth
0x00007fff2da35000 	/System/Library/Frameworks/Kerberos.framework/Versions/A/Kerberos
0x00007fff2da45000 	/System/Library/Frameworks/GSS.framework/Versions/A/GSS
0x00007fff2d0f0000 	/usr/lib/libresolv.9.dylib
0x00007fff2b986000 	/System/Library/PrivateFrameworks/Heimdal.framework/Versions/A/Heimdal
0x00007fff337c9000 	/System/Library/Frameworks/Kerberos.framework/Versions/A/Libraries/libHeimdalProxy.dylib
0x00007fff2623d000 	/System/Library/Frameworks/Network.framework/Versions/A/Network
0x00007fff2b39f000 	/usr/lib/libheimdal-asn1.dylib
0x00007fff2da95000 	/System/Library/PrivateFrameworks/CommonAuth.framework/Versions/A/CommonAuth
0x00007fff27583000 	/System/Library/PrivateFrameworks/login.framework/Versions/A/Frameworks/loginsupport.framework/Versions/A/loginsupport
0x00007fff2cff9000 	/System/Library/PrivateFrameworks/AudioSession.framework/Versions/A/AudioSession
0x00007fff2d061000 	/usr/lib/libAudioStatistics.dylib
0x00007fff2b42c000 	/System/Library/PrivateFrameworks/MediaExperience.framework/Versions/A/MediaExperience
0x00007fff2ce96000 	/System/Library/PrivateFrameworks/AudioSession.framework/libSessionUtility.dylib
0x00007fff2da26000 	/usr/lib/libperfcheck.dylib
0x00007fff2d3aa000 	/System/Library/PrivateFrameworks/AudioResourceArbitration.framework/Versions/A/AudioResourceArbitration
0x00007fff2b3a9000 	/System/Library/PrivateFrameworks/IconFoundation.framework/Versions/A/IconFoundation
0x00007fff2fed3000 	/System/Library/PrivateFrameworks/SpeechRecognitionCore.framework/Versions/A/SpeechRecognitionCore
0x000000010b033000 	/Library/Java/JavaVirtualMachines/adoptopenjdk-11.jdk/Contents/Home/lib/server/libjvm.dylib
0x000000010d285000 	/Library/Java/JavaVirtualMachines/adoptopenjdk-11.jdk/Contents/Home/lib/libverify.dylib
0x000000010d2ff000 	/Library/Java/JavaVirtualMachines/adoptopenjdk-11.jdk/Contents/Home/lib/libjava.dylib
0x000000010d365000 	/Library/Java/JavaVirtualMachines/adoptopenjdk-11.jdk/Contents/Home/lib/libjimage.dylib
0x000000010d3bf000 	/Library/Java/JavaVirtualMachines/adoptopenjdk-11.jdk/Contents/Home/lib/libzip.dylib


VM Arguments:
jvm_args: -Dfile.encoding=UTF-8 
java_command: com.mongodb.starter.practice.MeanTracker
java_class_path (initial): /Users/snowii.va/Documents/Coding/java-spring-boot-mongodb-starter/target/classes:/Users/snowii.va/.m2/repository/org/mongodb/mongodb-driver-sync/4.1.1/mongodb-driver-sync-4.1.1.jar:/Users/snowii.va/.m2/repository/org/mongodb/bson/4.1.1/bson-4.1.1.jar:/Users/snowii.va/.m2/repository/org/mongodb/mongodb-driver-core/4.1.1/mongodb-driver-core-4.1.1.jar:/Users/snowii.va/.m2/repository/org/springframework/boot/spring-boot-starter-web/2.4.2/spring-boot-starter-web-2.4.2.jar:/Users/snowii.va/.m2/repository/org/springframework/boot/spring-boot-starter/2.4.2/spring-boot-starter-2.4.2.jar:/Users/snowii.va/.m2/repository/org/springframework/boot/spring-boot/2.4.2/spring-boot-2.4.2.jar:/Users/snowii.va/.m2/repository/org/springframework/boot/spring-boot-autoconfigure/2.4.2/spring-boot-autoconfigure-2.4.2.jar:/Users/snowii.va/.m2/repository/org/springframework/boot/spring-boot-starter-logging/2.4.2/spring-boot-starter-logging-2.4.2.jar:/Users/snowii.va/.m2/repository/ch/qos/logback/logback-classic/1.2.3/logback-classic-1.2.3.jar:/Users/snowii.va/.m2/repository/ch/qos/logback/logback-core/1.2.3/logback-core-1.2.3.jar:/Users/snowii.va/.m2/repository/org/apache/logging/log4j/log4j-to-slf4j/2.13.3/log4j-to-slf4j-2.13.3.jar:/Users/snowii.va/.m2/repository/org/apache/logging/log4j/log4j-api/2.13.3/log4j-api-2.13.3.jar:/Users/snowii.va/.m2/repository/org/slf4j/jul-to-slf4j/1.7.30/jul-to-slf4j-1.7.30.jar:/Users/snowii.va/.m2/repository/jakarta/annotation/jakarta.annotation-api/1.3.5/jakarta.annotation-api-1.3.5.jar:/Users/snowii.va/.m2/repository/org/yaml/snakeyaml/1.27/snakeyaml-1.27.jar:/Users/snowii.va/.m2/repository/org/springframework/boot/spring-boot-starter-json/2.4.2/spring-boot-starter-json-2.4.2.jar:/Users/snowii.va/.m2/repository/com/fasterxml/jackson/core/jackson-databind/2.11.4/jackson-databind-2.11.4.jar:/Users/snowii.va/.m2/repository/com/fasterxml/jackson/core/jackson-annotations/2.11.4/jackson-annotations-2.11.4.jar:/Users/snowii.va/.m2/repo
Launcher Type: SUN_STANDARD

[Global flags]
     intx CICompilerCount                          = 4                                         {product} {ergonomic}
     uint ConcGCThreads                            = 2                                         {product} {ergonomic}
     uint G1ConcRefinementThreads                  = 8                                         {product} {ergonomic}
   size_t G1HeapRegionSize                         = 1048576                                   {product} {ergonomic}
    uintx GCDrainStackTargetSize                   = 64                                        {product} {ergonomic}
   size_t InitialHeapSize                          = 134217728                                 {product} {ergonomic}
   size_t MarkStackSize                            = 4194304                                   {product} {ergonomic}
   size_t MaxHeapSize                              = 2147483648                                {product} {ergonomic}
   size_t MaxNewSize                               = 1287651328                                {product} {ergonomic}
   size_t MinHeapDeltaBytes                        = 1048576                                   {product} {ergonomic}
    uintx NonNMethodCodeHeapSize                   = 5836300                                {pd product} {ergonomic}
    uintx NonProfiledCodeHeapSize                  = 122910970                              {pd product} {ergonomic}
    uintx ProfiledCodeHeapSize                     = 122910970                              {pd product} {ergonomic}
    uintx ReservedCodeCacheSize                    = 251658240                              {pd product} {ergonomic}
     bool SegmentedCodeCache                       = true                                      {product} {ergonomic}
     bool UseCompressedClassPointers               = true                                 {lp64_product} {ergonomic}
     bool UseCompressedOops                        = true                                 {lp64_product} {ergonomic}
     bool UseG1GC                                  = true                                      {product} {ergonomic}

Logging:
Log output configuration:
 #0: stdout all=warning uptime,level,tags
 #1: stderr all=off uptime,level,tags

Environment Variables:
PATH=/usr/local/bin:/usr/bin:/bin:/usr/sbin:/sbin
SHELL=/bin/zsh
LANG=en_US.UTF-8

Signal Handlers:
SIGSEGV: [libjvm.dylib+0x7b893a], sa_mask[0]=11111111111111111111111111111111, sa_flags=SA_ONSTACK|SA_RESTART|SA_SIGINFO
SIGBUS: [libjvm.dylib+0x7b893a], sa_mask[0]=11111111111111111111111111111111, sa_flags=SA_RESTART|SA_SIGINFO
SIGFPE: [libjvm.dylib+0x7b893a], sa_mask[0]=11111111111111111111111111111111, sa_flags=SA_RESTART|SA_SIGINFO
SIGPIPE: [libjvm.dylib+0x61e7db], sa_mask[0]=11111111111111111111111111111111, sa_flags=SA_RESTART|SA_SIGINFO
SIGXFSZ: [libjvm.dylib+0x61e7db], sa_mask[0]=11111111111111111111111111111111, sa_flags=SA_RESTART|SA_SIGINFO
SIGILL: [libjvm.dylib+0x7b893a], sa_mask[0]=11111111111111111111111111111111, sa_flags=SA_RESTART|SA_SIGINFO
SIGUSR2: [libjvm.dylib+0x61edc3], sa_mask[0]=00000000000000000000000000000000, sa_flags=SA_RESTART|SA_SIGINFO
SIGHUP: [libjvm.dylib+0x61d909], sa_mask[0]=11111111111111111111111111111111, sa_flags=SA_RESTART|SA_SIGINFO
SIGINT: [libjvm.dylib+0x61d909], sa_mask[0]=11111111111111111111111111111111, sa_flags=SA_RESTART|SA_SIGINFO
SIGTERM: [libjvm.dylib+0x61d909], sa_mask[0]=11111111111111111111111111111111, sa_flags=SA_RESTART|SA_SIGINFO
SIGQUIT: [libjvm.dylib+0x61d909], sa_mask[0]=11111111111111111111111111111111, sa_flags=SA_RESTART|SA_SIGINFO


---------------  S Y S T E M  ---------------

OS:uname:Darwin 20.3.0 Darwin Kernel Version 20.3.0: Thu Jan 21 00:06:51 PST 2021; root:xnu-7195.81.3~1/RELEASE_ARM64_T8101 x86_64
OS uptime: 9 days 16:37 hours
rlimit (soft/hard): STACK 8176k/65520k , CORE 0k/infinity , NPROC 1333/2000 , NOFILE 10240/infinity , AS infinity/infinity , CPU infinity/infinity , DATA infinity/infinity , FSIZE infinity/infinity , MEMLOCK infinity/infinity , RSS infinity/infinity
load average:1.68 1.77 1.89

CPU:total 8 (initial active 8) (1 cores per cpu, 1 threads per core) family 6 model 44 stepping 0 microcode 0x0, cmov, cx8, fxsr, mmx, sse, sse2, sse3, ssse3, sse4.1, sse4.2, popcnt, aes, clmul, tsc, tscinvbit, tscinv

Memory: 4k page, physical 8388608k(17048k free), swap 3145728k(1362944k free)

vm_info: OpenJDK 64-Bit Server VM (11.0.10+9) for bsd-amd64 JRE (11.0.10+9), built on Jan 20 2021 11:55:30 by "jenkins" with gcc 4.2.1 Compatible Apple LLVM 10.0.1 (clang-1001.0.46.4)

END.
